[debug] [2024-09-10T03:05:55.834Z] ----------------------------------------------------------------------
[debug] [2024-09-10T03:05:55.835Z] Command:       /Users/krystal/.nvm/versions/node/v18.16.0/bin/node /Users/krystal/.nvm/versions/node/v18.16.0/bin/firebase emulators:start
[debug] [2024-09-10T03:05:55.835Z] CLI Version:   13.16.0
[debug] [2024-09-10T03:05:55.836Z] Platform:      darwin
[debug] [2024-09-10T03:05:55.836Z] Node Version:  v18.16.0
[debug] [2024-09-10T03:05:55.836Z] Time:          Tue Sep 10 2024 12:05:55 GMT+0900 (대한민국 표준시)
[debug] [2024-09-10T03:05:55.836Z] ----------------------------------------------------------------------
[debug] 
[debug] [2024-09-10T03:05:55.886Z] Field ".emulators.functions.port" in "firebase.json" is possibly invalid: should be number
[debug] [2024-09-10T03:05:55.889Z] > command requires scopes: ["email","openid","https://www.googleapis.com/auth/cloudplatformprojects.readonly","https://www.googleapis.com/auth/firebase","https://www.googleapis.com/auth/cloud-platform"]
[debug] [2024-09-10T03:05:55.890Z] > authorizing via signed-in user (motionbit.dev@gmail.com)
[info] i  emulators: Starting emulators: functions, hosting {"metadata":{"emulator":{"name":"hub"},"message":"Starting emulators: functions, hosting"}}
[warn] ⚠  hub: emulator hub unable to start on port 4400, starting on 4401 instead. {"metadata":{"emulator":{"name":"hub"},"message":"emulator hub unable to start on port 4400, starting on 4401 instead."}}
[warn] ⚠  ui: Emulator UI unable to start on port 4000, starting on 4001 instead. {"metadata":{"emulator":{"name":"ui"},"message":"Emulator UI unable to start on port 4000, starting on 4001 instead."}}
[warn] ⚠  logging: Logging Emulator unable to start on port 4500, starting on 4501 instead. {"metadata":{"emulator":{"name":"logging"},"message":"Logging Emulator unable to start on port 4500, starting on 4501 instead."}}
[debug] [2024-09-10T03:05:56.269Z] [logging] Logging Emulator only supports listening on one address (127.0.0.1). Not listening on ::1
[warn] ⚠  hosting: Hosting Emulator unable to start on port 5000, starting on 5003 instead. {"metadata":{"emulator":{"name":"hosting"},"message":"Hosting Emulator unable to start on port 5000, starting on 5003 instead."}}
[debug] [2024-09-10T03:05:56.269Z] [hosting] Hosting Emulator only supports listening on one address (127.0.0.1). Not listening on ::1
[debug] [2024-09-10T03:05:56.269Z] assigned listening specs for emulators {"user":{"hub":[{"address":"127.0.0.1","family":"IPv4","port":4401},{"address":"::1","family":"IPv6","port":4401}],"ui":[{"address":"127.0.0.1","family":"IPv4","port":4001},{"address":"::1","family":"IPv6","port":4001}],"logging":[{"address":"127.0.0.1","family":"IPv4","port":4501}],"hosting":[{"address":"127.0.0.1","family":"IPv4","port":5003}]},"metadata":{"message":"assigned listening specs for emulators"}}
[debug] [2024-09-10T03:05:56.273Z] [hub] writing locator at /var/folders/hs/zx2lf8sd403b66pzfx_n99140000gn/T/hub-motionbit-doc.json
[warn] ⚠  eventarc: Eventarc Emulator unable to start on port 9299, starting on 9300 instead. {"metadata":{"emulator":{"name":"eventarc"},"message":"Eventarc Emulator unable to start on port 9299, starting on 9300 instead."}}
[debug] [2024-09-10T03:05:56.473Z] [eventarc] Eventarc Emulator only supports listening on one address (127.0.0.1). Not listening on ::1
[warn] ⚠  tasks: Cloud Tasks Emulator unable to start on port 9499, starting on 9500 instead. {"metadata":{"emulator":{"name":"tasks"},"message":"Cloud Tasks Emulator unable to start on port 9499, starting on 9500 instead."}}
[debug] [2024-09-10T03:05:56.473Z] [tasks] Cloud Tasks Emulator only supports listening on one address (127.0.0.1). Not listening on ::1
[debug] [2024-09-10T03:05:56.473Z] late-assigned ports for functions and eventarc emulators {"user":{"hub":[{"address":"127.0.0.1","family":"IPv4","port":4401},{"address":"::1","family":"IPv6","port":4401}],"ui":[{"address":"127.0.0.1","family":"IPv4","port":4001},{"address":"::1","family":"IPv6","port":4001}],"logging":[{"address":"127.0.0.1","family":"IPv4","port":4501}],"hosting":[{"address":"127.0.0.1","family":"IPv4","port":5003}],"functions":[{"address":"127.0.0.1","family":"IPv4","port":5004}],"eventarc":[{"address":"127.0.0.1","family":"IPv4","port":9300}],"tasks":[{"address":"127.0.0.1","family":"IPv4","port":9500}]},"metadata":{"message":"late-assigned ports for functions and eventarc emulators"}}
[warn] ⚠  functions: The following emulators are not running, calls to these services from the Functions emulator will affect production: auth, firestore, database, pubsub, storage, dataconnect {"metadata":{"emulator":{"name":"functions"},"message":"The following emulators are not running, calls to these services from the Functions emulator will affect production: \u001b[1mauth, firestore, database, pubsub, storage, dataconnect\u001b[22m"}}
[warn] ⚠  functions: Your GOOGLE_APPLICATION_CREDENTIALS environment variable points to /Users/krystal/Downloads/motionbitServiceAccountKey.json. Non-emulated services will access production using these credentials. Be careful! {"metadata":{"emulator":{"name":"functions"},"message":"Your GOOGLE_APPLICATION_CREDENTIALS environment variable points to /Users/krystal/Downloads/motionbitServiceAccountKey.json. Non-emulated services will access production using these credentials. Be careful!"}}
[debug] [2024-09-10T03:05:56.475Z] >>> [apiv2][query] GET https://firebase.googleapis.com/v1beta1/projects/motionbit-doc/adminSdkConfig [none]
[debug] [2024-09-10T03:05:57.685Z] <<< [apiv2][status] GET https://firebase.googleapis.com/v1beta1/projects/motionbit-doc/adminSdkConfig 200
[debug] [2024-09-10T03:05:57.686Z] <<< [apiv2][body] GET https://firebase.googleapis.com/v1beta1/projects/motionbit-doc/adminSdkConfig {"projectId":"motionbit-doc","storageBucket":"motionbit-doc.appspot.com","locationId":"asia-northeast3"}
[debug] [2024-09-10T03:05:57.709Z] >>> [apiv2][query] GET https://firebasehosting.googleapis.com/v1beta1/projects/motionbit-doc/sites 
[debug] [2024-09-10T03:05:58.514Z] <<< [apiv2][status] GET https://firebasehosting.googleapis.com/v1beta1/projects/motionbit-doc/sites 200
[debug] [2024-09-10T03:05:58.514Z] <<< [apiv2][body] GET https://firebasehosting.googleapis.com/v1beta1/projects/motionbit-doc/sites {"sites":[{"name":"projects/motionbit-doc/sites/motionbit-doc","defaultUrl":"https://motionbit-doc.web.app","appId":"1:538210576070:web:994485e9ed44db860b19c7","type":"DEFAULT_SITE"}]}
[debug] [2024-09-10T03:05:58.515Z] >>> [apiv2][query] GET https://firebase.googleapis.com/v1beta1/projects/motionbit-doc/webApps/1:538210576070:web:994485e9ed44db860b19c7/config [none]
[debug] [2024-09-10T03:05:59.673Z] <<< [apiv2][status] GET https://firebase.googleapis.com/v1beta1/projects/motionbit-doc/webApps/1:538210576070:web:994485e9ed44db860b19c7/config 200
[debug] [2024-09-10T03:05:59.674Z] <<< [apiv2][body] GET https://firebase.googleapis.com/v1beta1/projects/motionbit-doc/webApps/1:538210576070:web:994485e9ed44db860b19c7/config {"projectId":"motionbit-doc","appId":"1:538210576070:web:994485e9ed44db860b19c7","storageBucket":"motionbit-doc.appspot.com","locationId":"asia-northeast3","apiKey":"AIzaSyD-Mek9C2tSfd97xfdAKmvlQtEUf3oJ2lY","authDomain":"motionbit-doc.firebaseapp.com","messagingSenderId":"538210576070","measurementId":"G-KBHLFK367R"}
[debug] [2024-09-10T03:05:59.682Z] >>> [apiv2][query] GET https://firebase.googleapis.com/v1beta1/projects/motionbit-doc [none]
[debug] [2024-09-10T03:06:00.185Z] <<< [apiv2][status] GET https://firebase.googleapis.com/v1beta1/projects/motionbit-doc 200
[debug] [2024-09-10T03:06:00.185Z] <<< [apiv2][body] GET https://firebase.googleapis.com/v1beta1/projects/motionbit-doc {"projectId":"motionbit-doc","projectNumber":"538210576070","displayName":"motionbit-doc","name":"projects/motionbit-doc","resources":{"hostingSite":"motionbit-doc","storageBucket":"motionbit-doc.appspot.com","locationId":"asia-northeast3"},"state":"ACTIVE","etag":"1_15aeca55-3ded-442d-8417-3e7709280947"}
[info] i  hosting[motionbit-doc]: Serving hosting files from: build {"metadata":{"emulator":{"name":"hosting"},"message":"Serving hosting files from: \u001b[1mbuild\u001b[22m"}}
[info] ✔  hosting[motionbit-doc]: Local server: http://127.0.0.1:5003 {"metadata":{"emulator":{"name":"hosting"},"message":"Local server: \u001b[4m\u001b[1mhttp://127.0.0.1:5003\u001b[22m\u001b[24m"}}
[debug] [2024-09-10T03:06:00.252Z] Ignoring unsupported arg: auto_download {"metadata":{"emulator":{"name":"ui"},"message":"Ignoring unsupported arg: auto_download"}}
[debug] [2024-09-10T03:06:00.252Z] Ignoring unsupported arg: port {"metadata":{"emulator":{"name":"ui"},"message":"Ignoring unsupported arg: port"}}
[debug] [2024-09-10T03:06:00.252Z] Starting Emulator UI with command {"binary":"node","args":["/Users/krystal/.cache/firebase/emulators/ui-v1.13.0/server/server.mjs"],"optionalArgs":[],"joinArgs":false,"shell":false} {"metadata":{"emulator":{"name":"ui"},"message":"Starting Emulator UI with command {\"binary\":\"node\",\"args\":[\"/Users/krystal/.cache/firebase/emulators/ui-v1.13.0/server/server.mjs\"],\"optionalArgs\":[],\"joinArgs\":false,\"shell\":false}"}}
[info] i  ui: Emulator UI logging to ui-debug.log {"metadata":{"emulator":{"name":"ui"},"message":"Emulator UI logging to \u001b[1mui-debug.log\u001b[22m"}}
[debug] [2024-09-10T03:06:00.317Z] Web / API server started at 127.0.0.1:4001
 {"metadata":{"emulator":{"name":"ui"},"message":"Web / API server started at 127.0.0.1:4001\n"}}
[debug] [2024-09-10T03:06:00.318Z] Web / API server started at ::1:4001
 {"metadata":{"emulator":{"name":"ui"},"message":"Web / API server started at ::1:4001\n"}}
[info] i  functions: Watching "/Users/krystal/Project/carejoa-app/functions" for Cloud Functions... {"metadata":{"emulator":{"name":"functions"},"message":"Watching \"/Users/krystal/Project/carejoa-app/functions\" for Cloud Functions..."}}
[debug] [2024-09-10T03:06:00.463Z] Validating nodejs source
[debug] [2024-09-10T03:06:00.856Z] > [functions] package.json contents: {
  "name": "functions",
  "description": "Cloud Functions for Firebase",
  "scripts": {
    "lint": "eslint .",
    "serve": "firebase emulators:start --only functions",
    "shell": "firebase functions:shell",
    "start": "npm run shell",
    "deploy": "firebase deploy --only functions",
    "logs": "firebase functions:log"
  },
  "engines": {
    "node": "18"
  },
  "main": "index.js",
  "dependencies": {
    "firebase-admin": "^12.1.0",
    "firebase-functions": "^5.0.0"
  },
  "devDependencies": {
    "eslint": "^8.15.0",
    "eslint-config-google": "^0.14.0",
    "firebase-functions-test": "^3.1.0"
  },
  "private": true
}
[debug] [2024-09-10T03:06:00.856Z] Building nodejs source
[debug] [2024-09-10T03:06:00.857Z] Failed to find version of module node: reached end of search path /Users/krystal/Project/carejoa-app/functions/node_modules
[info] ✔  functions: Using node@18 from host. 
[debug] [2024-09-10T03:06:00.858Z] Could not find functions.yaml. Must use http discovery
[debug] [2024-09-10T03:06:00.860Z] Found firebase-functions binary at '/Users/krystal/Project/carejoa-app/functions/node_modules/.bin/firebase-functions'
[info] Serving at port 8175

[debug] [2024-09-10T03:06:01.097Z] Got response from /__/functions.yaml {"endpoints":{"helloWorld":{"availableMemoryMb":null,"timeoutSeconds":null,"minInstances":null,"maxInstances":null,"ingressSettings":null,"concurrency":null,"serviceAccountEmail":null,"vpc":null,"platform":"gcfv2","labels":{},"httpsTrigger":{},"entryPoint":"helloWorld"}},"specVersion":"v1alpha1","requiredAPIs":[],"extensions":{}}
[info] ✔  functions: Loaded functions definitions from source: helloWorld. {"metadata":{"emulator":{"name":"functions"},"message":"Loaded functions definitions from source: helloWorld."}}
[info] ✔  functions[us-central1-helloWorld]: http function initialized (http://127.0.0.1:5004/motionbit-doc/us-central1/helloWorld). {"metadata":{"emulator":{"name":"functions"},"message":"\u001b[1mhttp\u001b[22m function initialized (http://127.0.0.1:5004/motionbit-doc/us-central1/helloWorld)."}}
[info] 
┌─────────────────────────────────────────────────────────────┐
│ ✔  All emulators ready! It is now safe to connect your app. │
│ i  View Emulator UI at http://127.0.0.1:4001/               │
└─────────────────────────────────────────────────────────────┘

┌───────────┬────────────────┬─────────────────────────────────┐
│ Emulator  │ Host:Port      │ View in Emulator UI             │
├───────────┼────────────────┼─────────────────────────────────┤
│ Functions │ 127.0.0.1:5004 │ http://127.0.0.1:4001/functions │
├───────────┼────────────────┼─────────────────────────────────┤
│ Hosting   │ 127.0.0.1:5003 │ n/a                             │
└───────────┴────────────────┴─────────────────────────────────┘
  Emulator Hub running at 127.0.0.1:4401
  Other reserved ports: 4501

Issues? Report them at https://github.com/firebase/firebase-tools/issues and attach the *-debug.log files.
 
[debug] [2024-09-10T03:06:11.487Z] [work-queue] {"queuedWork":["/motionbit-doc/us-central1/helloWorld-2024-09-10T03:06:11.487Z"],"queueLength":1,"runningWork":[],"workRunningCount":0}
[debug] [2024-09-10T03:06:11.488Z] [work-queue] {"queuedWork":[],"queueLength":0,"runningWork":["/motionbit-doc/us-central1/helloWorld-2024-09-10T03:06:11.487Z"],"workRunningCount":1}
[debug] [2024-09-10T03:06:11.488Z] Accepted request GET /motionbit-doc/us-central1/helloWorld --> us-central1-helloWorld
[debug] [2024-09-10T03:06:11.490Z] [functions] Runtime ready! Sending request! {"metadata":{"emulator":{"name":"functions"},"message":"[functions] Runtime ready! Sending request!"}}
[debug] [2024-09-10T03:06:11.491Z] [functions] Got req.url=/motionbit-doc/us-central1/helloWorld, mapping to path=/ {"metadata":{"emulator":{"name":"functions"},"message":"[functions] Got req.url=/motionbit-doc/us-central1/helloWorld, mapping to path=/"}}
[debug] [2024-09-10T03:06:11.494Z] [worker-pool] addWorker(us-central1-helloWorld) {"metadata":{"emulator":{"name":"functions"},"message":"[worker-pool] addWorker(us-central1-helloWorld)"}}
[debug] [2024-09-10T03:06:11.495Z] [worker-pool] Adding worker with key us-central1-helloWorld, total=1 {"metadata":{"emulator":{"name":"functions"},"message":"[worker-pool] Adding worker with key us-central1-helloWorld, total=1"}}
[debug] [2024-09-10T03:06:12.171Z] [runtime-status] [94217] Resolved module firebase-admin {"declared":true,"installed":true,"version":"12.4.0","resolution":"/Users/krystal/Project/carejoa-app/functions/node_modules/firebase-admin/lib/index.js"} {"metadata":{"emulator":{"name":"functions"},"function":{"name":"us-central1-helloWorld"},"extension":{},"message":"[runtime-status] [94217] Resolved module firebase-admin {\"declared\":true,\"installed\":true,\"version\":\"12.4.0\",\"resolution\":\"/Users/krystal/Project/carejoa-app/functions/node_modules/firebase-admin/lib/index.js\"}"}}
[debug] [2024-09-10T03:06:12.171Z] [runtime-status] [94217] Resolved module firebase-functions {"declared":true,"installed":true,"version":"5.1.1","resolution":"/Users/krystal/Project/carejoa-app/functions/node_modules/firebase-functions/lib/v1/index.js"} {"metadata":{"emulator":{"name":"functions"},"function":{"name":"us-central1-helloWorld"},"extension":{},"message":"[runtime-status] [94217] Resolved module firebase-functions {\"declared\":true,\"installed\":true,\"version\":\"5.1.1\",\"resolution\":\"/Users/krystal/Project/carejoa-app/functions/node_modules/firebase-functions/lib/v1/index.js\"}"}}
[debug] [2024-09-10T03:06:12.171Z] [runtime-status] [94217] Outgoing network have been stubbed. [{"name":"http","status":"mocked"},{"name":"http","status":"mocked"},{"name":"https","status":"mocked"},{"name":"https","status":"mocked"},{"name":"net","status":"mocked"}] {"metadata":{"emulator":{"name":"functions"},"function":{"name":"us-central1-helloWorld"},"extension":{},"message":"[runtime-status] [94217] Outgoing network have been stubbed. [{\"name\":\"http\",\"status\":\"mocked\"},{\"name\":\"http\",\"status\":\"mocked\"},{\"name\":\"https\",\"status\":\"mocked\"},{\"name\":\"https\",\"status\":\"mocked\"},{\"name\":\"net\",\"status\":\"mocked\"}]"}}
[debug] [2024-09-10T03:06:12.172Z] [runtime-status] [94217] Resolved module firebase-functions {"declared":true,"installed":true,"version":"5.1.1","resolution":"/Users/krystal/Project/carejoa-app/functions/node_modules/firebase-functions/lib/v1/index.js"} {"metadata":{"emulator":{"name":"functions"},"function":{"name":"us-central1-helloWorld"},"extension":{},"message":"[runtime-status] [94217] Resolved module firebase-functions {\"declared\":true,\"installed\":true,\"version\":\"5.1.1\",\"resolution\":\"/Users/krystal/Project/carejoa-app/functions/node_modules/firebase-functions/lib/v1/index.js\"}"}}
[debug] [2024-09-10T03:06:12.277Z] [runtime-status] [94217] Checked functions.config() {"config":{}} {"metadata":{"emulator":{"name":"functions"},"function":{"name":"us-central1-helloWorld"},"extension":{},"message":"[runtime-status] [94217] Checked functions.config() {\"config\":{}}"}}
[debug] [2024-09-10T03:06:12.277Z] [runtime-status] [94217] firebase-functions has been stubbed. {"functionsResolution":{"declared":true,"installed":true,"version":"5.1.1","resolution":"/Users/krystal/Project/carejoa-app/functions/node_modules/firebase-functions/lib/v1/index.js"}} {"metadata":{"emulator":{"name":"functions"},"function":{"name":"us-central1-helloWorld"},"extension":{},"message":"[runtime-status] [94217] firebase-functions has been stubbed. {\"functionsResolution\":{\"declared\":true,\"installed\":true,\"version\":\"5.1.1\",\"resolution\":\"/Users/krystal/Project/carejoa-app/functions/node_modules/firebase-functions/lib/v1/index.js\"}}"}}
[debug] [2024-09-10T03:06:12.277Z] [runtime-status] [94217] Resolved module firebase-functions {"declared":true,"installed":true,"version":"5.1.1","resolution":"/Users/krystal/Project/carejoa-app/functions/node_modules/firebase-functions/lib/v1/index.js"} {"metadata":{"emulator":{"name":"functions"},"function":{"name":"us-central1-helloWorld"},"extension":{},"message":"[runtime-status] [94217] Resolved module firebase-functions {\"declared\":true,\"installed\":true,\"version\":\"5.1.1\",\"resolution\":\"/Users/krystal/Project/carejoa-app/functions/node_modules/firebase-functions/lib/v1/index.js\"}"}}
[debug] [2024-09-10T03:06:12.278Z] [runtime-status] [94217] Resolved module firebase-admin {"declared":true,"installed":true,"version":"12.4.0","resolution":"/Users/krystal/Project/carejoa-app/functions/node_modules/firebase-admin/lib/index.js"} {"metadata":{"emulator":{"name":"functions"},"function":{"name":"us-central1-helloWorld"},"extension":{},"message":"[runtime-status] [94217] Resolved module firebase-admin {\"declared\":true,\"installed\":true,\"version\":\"12.4.0\",\"resolution\":\"/Users/krystal/Project/carejoa-app/functions/node_modules/firebase-admin/lib/index.js\"}"}}
[debug] [2024-09-10T03:06:12.278Z] [runtime-status] [94217] Resolved module firebase-functions {"declared":true,"installed":true,"version":"5.1.1","resolution":"/Users/krystal/Project/carejoa-app/functions/node_modules/firebase-functions/lib/v1/index.js"} {"metadata":{"emulator":{"name":"functions"},"function":{"name":"us-central1-helloWorld"},"extension":{},"message":"[runtime-status] [94217] Resolved module firebase-functions {\"declared\":true,\"installed\":true,\"version\":\"5.1.1\",\"resolution\":\"/Users/krystal/Project/carejoa-app/functions/node_modules/firebase-functions/lib/v1/index.js\"}"}}
[debug] [2024-09-10T03:06:12.279Z] [runtime-status] [94217] firebase-admin has been stubbed. {"adminResolution":{"declared":true,"installed":true,"version":"12.4.0","resolution":"/Users/krystal/Project/carejoa-app/functions/node_modules/firebase-admin/lib/index.js"}} {"metadata":{"emulator":{"name":"functions"},"function":{"name":"us-central1-helloWorld"},"extension":{},"message":"[runtime-status] [94217] firebase-admin has been stubbed. {\"adminResolution\":{\"declared\":true,\"installed\":true,\"version\":\"12.4.0\",\"resolution\":\"/Users/krystal/Project/carejoa-app/functions/node_modules/firebase-admin/lib/index.js\"}}"}}
[debug] [2024-09-10T03:06:12.299Z] [runtime-status] [94217] initializeApp(DEFAULT) {"storageBucket":"motionbit-doc.appspot.com","projectId":"motionbit-doc"} {"metadata":{"emulator":{"name":"functions"},"function":{"name":"us-central1-helloWorld"},"extension":{},"message":"[runtime-status] [94217] initializeApp(DEFAULT) {\"storageBucket\":\"motionbit-doc.appspot.com\",\"projectId\":\"motionbit-doc\"}"}}
[warn] ⚠  functions: The Cloud Firestore emulator is not running, so calls to Firestore will affect production. {"metadata":{"emulator":{"name":"functions"},"function":{"name":"us-central1-helloWorld"},"extension":{},"message":"The Cloud Firestore emulator is not running, so calls to Firestore will affect production."}}
[debug] [2024-09-10T03:06:12.301Z] [runtime-status] [94217] Functions runtime initialized. {"cwd":"/Users/krystal/Project/carejoa-app/functions","node_version":"18.16.0"} {"metadata":{"emulator":{"name":"functions"},"function":{"name":"us-central1-helloWorld"},"extension":{},"message":"[runtime-status] [94217] Functions runtime initialized. {\"cwd\":\"/Users/krystal/Project/carejoa-app/functions\",\"node_version\":\"18.16.0\"}"}}
[debug] [2024-09-10T03:06:12.302Z] [runtime-status] [94217] Listening to port: /var/folders/hs/zx2lf8sd403b66pzfx_n99140000gn/T/fire_emu_286b2b51d7d95308.sock {"metadata":{"emulator":{"name":"functions"},"function":{"name":"us-central1-helloWorld"},"extension":{},"message":"[runtime-status] [94217] Listening to port: /var/folders/hs/zx2lf8sd403b66pzfx_n99140000gn/T/fire_emu_286b2b51d7d95308.sock"}}
[debug] [2024-09-10T03:06:12.307Z] [worker-us-central1-helloWorld-29878414-4c72-4aeb-9241-c7a020d0fba2]: IDLE {"metadata":{"emulator":{"name":"functions"},"function":{"name":"us-central1-helloWorld"},"extension":{},"message":"[worker-us-central1-helloWorld-29878414-4c72-4aeb-9241-c7a020d0fba2]: IDLE"}}
[debug] [2024-09-10T03:06:12.307Z] [worker-pool] submitRequest(triggerId=us-central1-helloWorld) {"metadata":{"emulator":{"name":"functions"},"message":"[worker-pool] submitRequest(triggerId=us-central1-helloWorld)"}}
[info] i  functions: Beginning execution of "us-central1-helloWorld" {"metadata":{"emulator":{"name":"functions"},"function":{"name":"us-central1-helloWorld"},"extension":{},"message":"Beginning execution of \"us-central1-helloWorld\""}}
[debug] [2024-09-10T03:06:12.308Z] [worker-us-central1-helloWorld-29878414-4c72-4aeb-9241-c7a020d0fba2]: BUSY {"metadata":{"emulator":{"name":"functions"},"function":{"name":"us-central1-helloWorld"},"extension":{},"message":"[worker-us-central1-helloWorld-29878414-4c72-4aeb-9241-c7a020d0fba2]: BUSY"}}
[debug] [2024-09-10T03:06:12.311Z] Finishing up request with event=pause {"metadata":{"emulator":{"name":"functions"},"function":{"name":"us-central1-helloWorld"},"extension":{},"message":"Finishing up request with event=pause"}}
[info] i  functions: Finished "us-central1-helloWorld" in 3.103375ms {"metadata":{"emulator":{"name":"functions"},"function":{"name":"us-central1-helloWorld"},"extension":{},"message":"Finished \"us-central1-helloWorld\" in 3.103375ms"}}
[debug] [2024-09-10T03:06:12.311Z] [worker-us-central1-helloWorld-29878414-4c72-4aeb-9241-c7a020d0fba2]: IDLE {"metadata":{"emulator":{"name":"functions"},"function":{"name":"us-central1-helloWorld"},"extension":{},"message":"[worker-us-central1-helloWorld-29878414-4c72-4aeb-9241-c7a020d0fba2]: IDLE"}}
[debug] [2024-09-10T03:06:12.311Z] Finishing up request with event=finish {"metadata":{"emulator":{"name":"functions"},"function":{"name":"us-central1-helloWorld"},"extension":{},"message":"Finishing up request with event=finish"}}
[debug] [2024-09-10T03:06:12.311Z] Finishing up request with event=close {"metadata":{"emulator":{"name":"functions"},"function":{"name":"us-central1-helloWorld"},"extension":{},"message":"Finishing up request with event=close"}}
[debug] [2024-09-10T03:06:12.311Z] [work-queue] {"queuedWork":[],"queueLength":0,"runningWork":[],"workRunningCount":0}
